<?xml version="1.0" encoding="UTF-8"?>
<testng-results ignored="0" total="1" passed="1" failed="0" skipped="0">
  <reporter-output>
  </reporter-output>
  <suite started-at="2025-06-19T01:22:22 IST" name="Docker execution Suite" finished-at="2025-06-19T01:22:38 IST" duration-ms="16361">
    <groups>
      <group name="Master">
        <method signature="TC01_LoginPageTest.verify_login()[pri:0, instance:testCases.TC01_LoginPageTest@3232a28a]" name="verify_login" class="testCases.TC01_LoginPageTest"/>
      </group> <!-- Master -->
      <group name="Regression">
        <method signature="TC01_LoginPageTest.verify_login()[pri:0, instance:testCases.TC01_LoginPageTest@3232a28a]" name="verify_login" class="testCases.TC01_LoginPageTest"/>
      </group> <!-- Regression -->
    </groups>
    <test started-at="2025-06-19T01:22:22 IST" name="Test" finished-at="2025-06-19T01:22:38 IST" duration-ms="16361">
      <class name="testCases.TC01_LoginPageTest">
        <test-method is-config="true" signature="setup(java.lang.String,java.lang.String)[pri:0, instance:testCases.TC01_LoginPageTest@3232a28a]" started-at="2025-06-19T01:22:22 IST" name="setup" finished-at="2025-06-19T01:22:32 IST" duration-ms="9327" status="PASS">
          <params>
            <param index="0">
              <value>
                <![CDATA[Linux]]>
              </value>
            </param>
            <param index="1">
              <value>
                <![CDATA[chrome]]>
              </value>
            </param>
          </params>
          <reporter-output>
          </reporter-output>
        </test-method> <!-- setup -->
        <test-method signature="verify_login()[pri:0, instance:testCases.TC01_LoginPageTest@3232a28a]" started-at="2025-06-19T01:22:32 IST" name="verify_login" finished-at="2025-06-19T01:22:37 IST" duration-ms="5613" status="PASS">
          <reporter-output>
          </reporter-output>
        </test-method> <!-- verify_login -->
        <test-method is-config="true" signature="tearDown()[pri:0, instance:testCases.TC01_LoginPageTest@3232a28a]" started-at="2025-06-19T01:22:37 IST" name="tearDown" finished-at="2025-06-19T01:22:38 IST" duration-ms="456" status="PASS">
          <reporter-output>
          </reporter-output>
        </test-method> <!-- tearDown -->
      </class> <!-- testCases.TC01_LoginPageTest -->
    </test> <!-- Test -->
  </suite> <!-- Docker execution Suite -->
</testng-results>
